# JRE version: OpenJDK Runtime Environment (11.0.15) (build 11.0.15+0-b2043.56-8887301)
# Java VM: OpenJDK 64-Bit Server VM (11.0.15+0-b2043.56-8887301, mixed mode, tiered, compressed oops, g1 gc, windows-amd64)
Heap:
 garbage-first heap   total 129024K, used 26203K [0x0000000083c00000, 0x0000000100000000)
  region size 1024K, 11 young (11264K), 7 survivors (7168K)
 Metaspace       used 32655K, capacity 33096K, committed 33276K, reserved 1079296K
  class space    used 4059K, capacity 4243K, committed 4352K, reserved 1048576K
GC Heap History (6 events):
Event: 1.061 GC heap before
{Heap before GC invocations=0 (full 0):
 garbage-first heap   total 129024K, used 28672K [0x0000000083c00000, 0x0000000100000000)
  region size 1024K, 24 young (24576K), 0 survivors (0K)
 Metaspace       used 12325K, capacity 12458K, committed 12672K, reserved 1060864K
  class space    used 1103K, capacity 1149K, committed 1152K, reserved 1048576K
}
Event: 1.068 GC heap after
{Heap after GC invocations=1 (full 0):
 garbage-first heap   total 129024K, used 7354K [0x0000000083c00000, 0x0000000100000000)
  region size 1024K, 3 young (3072K), 3 survivors (3072K)
 Metaspace       used 12325K, capacity 12458K, committed 12672K, reserved 1060864K
  class space    used 1103K, capacity 1149K, committed 1152K, reserved 1048576K
}
Event: 2.087 GC heap before
{Heap before GC invocations=1 (full 0):
 garbage-first heap   total 129024K, used 44218K [0x0000000083c00000, 0x0000000100000000)
  region size 1024K, 40 young (40960K), 3 survivors (3072K)
 Metaspace       used 21001K, capacity 21191K, committed 21248K, reserved 1069056K
  class space    used 2216K, capacity 2301K, committed 2304K, reserved 1048576K
}
Event: 2.108 GC heap after
{Heap after GC invocations=2 (full 0):
 garbage-first heap   total 129024K, used 11263K [0x0000000083c00000, 0x0000000100000000)
  region size 1024K, 7 young (7168K), 7 survivors (7168K)
 Metaspace       used 21001K, capacity 21191K, committed 21248K, reserved 1069056K
  class space    used 2216K, capacity 2301K, committed 2304K, reserved 1048576K
}
Event: 3.087 GC heap before
{Heap before GC invocations=3 (full 0):
 garbage-first heap   total 129024K, used 64511K [0x0000000083c00000, 0x0000000100000000)
  region size 1024K, 53 young (54272K), 7 survivors (7168K)
 Metaspace       used 31856K, capacity 32259K, committed 32380K, reserved 1077248K
  class space    used 3952K, capacity 4113K, committed 4224K, reserved 1048576K
}
Event: 3.107 GC heap after
{Heap after GC invocations=4 (full 0):
 garbage-first heap   total 129024K, used 23131K [0x0000000083c00000, 0x0000000100000000)
  region size 1024K, 7 young (7168K), 7 survivors (7168K)
 Metaspace       used 31856K, capacity 32259K, committed 32380K, reserved 1077248K
  class space    used 3952K, capacity 4113K, committed 4224K, reserved 1048576K
}

