# JRE version: OpenJDK Runtime Environment (11.0.15) (build 11.0.15+0-b2043.56-8887301)
# Java VM: OpenJDK 64-Bit Server VM (11.0.15+0-b2043.56-8887301, mixed mode, tiered, compressed oops, g1 gc, windows-amd64)
Heap:
 garbage-first heap   total 129024K, used 66852K [0x0000000083c00000, 0x0000000100000000)
  region size 1024K, 46 young (47104K), 3 survivors (3072K)
 Metaspace       used 44605K, capacity 45092K, committed 45212K, reserved 1089536K
  class space    used 5314K, capacity 5530K, committed 5576K, reserved 1048576K
GC Heap History (8 events):
Event: 0.947 GC heap before
{Heap before GC invocations=0 (full 0):
 garbage-first heap   total 129024K, used 28672K [0x0000000083c00000, 0x0000000100000000)
  region size 1024K, 24 young (24576K), 0 survivors (0K)
 Metaspace       used 12331K, capacity 12458K, committed 12672K, reserved 1060864K
  class space    used 1103K, capacity 1149K, committed 1152K, reserved 1048576K
}
Event: 0.952 GC heap after
{Heap after GC invocations=1 (full 0):
 garbage-first heap   total 129024K, used 7358K [0x0000000083c00000, 0x0000000100000000)
  region size 1024K, 3 young (3072K), 3 survivors (3072K)
 Metaspace       used 12331K, capacity 12458K, committed 12672K, reserved 1060864K
  class space    used 1103K, capacity 1149K, committed 1152K, reserved 1048576K
}
Event: 1.807 GC heap before
{Heap before GC invocations=1 (full 0):
 garbage-first heap   total 129024K, used 43198K [0x0000000083c00000, 0x0000000100000000)
  region size 1024K, 39 young (39936K), 3 survivors (3072K)
 Metaspace       used 21016K, capacity 21191K, committed 21248K, reserved 1069056K
  class space    used 2215K, capacity 2301K, committed 2304K, reserved 1048576K
}
Event: 1.829 GC heap after
{Heap after GC invocations=2 (full 0):
 garbage-first heap   total 129024K, used 11251K [0x0000000083c00000, 0x0000000100000000)
  region size 1024K, 7 young (7168K), 7 survivors (7168K)
 Metaspace       used 21016K, capacity 21191K, committed 21248K, reserved 1069056K
  class space    used 2215K, capacity 2301K, committed 2304K, reserved 1048576K
}
Event: 2.676 GC heap before
{Heap before GC invocations=3 (full 0):
 garbage-first heap   total 129024K, used 63475K [0x0000000083c00000, 0x0000000100000000)
  region size 1024K, 52 young (53248K), 7 survivors (7168K)
 Metaspace       used 31443K, capacity 31907K, committed 32252K, reserved 1077248K
  class space    used 3772K, capacity 3953K, committed 4092K, reserved 1048576K
}
Event: 2.698 GC heap after
{Heap after GC invocations=4 (full 0):
 garbage-first heap   total 129024K, used 23208K [0x0000000083c00000, 0x0000000100000000)
  region size 1024K, 6 young (6144K), 6 survivors (6144K)
 Metaspace       used 31443K, capacity 31907K, committed 32252K, reserved 1077248K
  class space    used 3772K, capacity 3953K, committed 4092K, reserved 1048576K
}
Event: 3.003 GC heap before
{Heap before GC invocations=4 (full 0):
 garbage-first heap   total 129024K, used 42664K [0x0000000083c00000, 0x0000000100000000)
  region size 1024K, 26 young (26624K), 6 survivors (6144K)
 Metaspace       used 35605K, capacity 35987K, committed 36048K, reserved 1081344K
  class space    used 4376K, capacity 4567K, committed 4604K, reserved 1048576K
}
Event: 3.010 GC heap after
{Heap after GC invocations=5 (full 0):
 garbage-first heap   total 129024K, used 23844K [0x0000000083c00000, 0x0000000100000000)
  region size 1024K, 3 young (3072K), 3 survivors (3072K)
 Metaspace       used 35605K, capacity 35987K, committed 36048K, reserved 1081344K
  class space    used 4376K, capacity 4567K, committed 4604K, reserved 1048576K
}

